<?xml version="1.0" encoding="UTF-8"?>
<!-- Generated by org.testng.reporters.JUnitReportReporter -->
<testsuite hostname="EGCA1-0091" failures="0" tests="2" name="main.Start" time="80.924" errors="0" timestamp="2022-02-27T09:39:56 EET" skipped="0">
  <testcase classname="main.Start" name="startApplication" time="23.170"/>
  <system-out/>
  <testcase classname="main.Start" name="login" time="57.754"/>
  <system-out/>
</testsuite> <!-- main.Start -->
