<?xml version="1.0" encoding="UTF-8"?>
<!-- Generated by org.testng.reporters.JUnitReportReporter -->
<testsuite hostname="EGCA1-0091" failures="0" tests="2" name="main.Start" time="30.650" errors="0" timestamp="2022-01-22T05:02:10 EET" skipped="0">
  <testcase classname="main.Start" name="startApplication" time="9.813"/>
  <system-out/>
  <testcase classname="main.Start" name="login" time="20.837"/>
  <system-out/>
</testsuite> <!-- main.Start -->
